<testsuites id="" name="" tests="1" failures="0" skipped="0" errors="0" time="51.25256499999995">
<testsuite name="supplierOnboarding.spec.js" timestamp="2025-01-03T06:36:59.035Z" hostname="Google Chrome" tests="1" failures="0" skipped="0" time="47.308" errors="0">
<testcase name="Logging in as Supplier and Verifying Vendor Number" classname="supplierOnboarding.spec.js" time="47.308">
<system-out>
<![CDATA[Actual Account Name and Vendor Number: GROCERY EXPRESS PTY LTD 0011911001
Expected Account Name and Vendor Number: GROCERY EXPRESS PTY LTD 0011911001
]]>
</system-out>
</testcase>
</testsuite>
</testsuites>